<?xml version="1.0" encoding="UTF-8"?>
<coverage generated="1730953919847" clover="3.2.0">
  <project timestamp="1730953919847" name="All files">
    <metrics statements="26" coveredstatements="26" conditionals="12" coveredconditionals="12" methods="6" coveredmethods="6" elements="44" coveredelements="44" complexity="0" loc="26" ncloc="26" packages="1" files="3" classes="3"/>
    <file name="findOdd.js" path="/Users/kornkunayothin/Workspace/neversitup/src/services/findOdd.js">
      <metrics statements="7" coveredstatements="7" conditionals="4" coveredconditionals="4" methods="2" coveredmethods="2"/>
      <line num="2" count="5" type="stmt"/>
      <line num="4" count="5" type="stmt"/>
      <line num="5" count="23" type="cond" truecount="2" falsecount="0"/>
      <line num="8" count="5" type="stmt"/>
      <line num="9" count="9" type="cond" truecount="2" falsecount="0"/>
      <line num="10" count="5" type="stmt"/>
      <line num="15" count="1" type="stmt"/>
    </file>
    <file name="permute.js" path="/Users/kornkunayothin/Workspace/neversitup/src/services/permute.js">
      <metrics statements="16" coveredstatements="16" conditionals="8" coveredconditionals="8" methods="2" coveredmethods="2"/>
      <line num="2" count="6" type="stmt"/>
      <line num="3" count="6" type="stmt"/>
      <line num="6" count="62" type="cond" truecount="2" falsecount="0"/>
      <line num="7" count="22" type="stmt"/>
      <line num="8" count="22" type="stmt"/>
      <line num="11" count="40" type="stmt"/>
      <line num="12" count="128" type="cond" truecount="2" falsecount="0"/>
      <line num="16" count="72" type="stmt"/>
      <line num="19" count="56" type="stmt"/>
      <line num="20" count="56" type="stmt"/>
      <line num="21" count="56" type="stmt"/>
      <line num="22" count="56" type="stmt"/>
      <line num="23" count="56" type="stmt"/>
      <line num="27" count="6" type="stmt"/>
      <line num="28" count="6" type="stmt"/>
      <line num="31" count="1" type="stmt"/>
    </file>
    <file name="smile.js" path="/Users/kornkunayothin/Workspace/neversitup/src/services/smile.js">
      <metrics statements="3" coveredstatements="3" conditionals="0" coveredconditionals="0" methods="2" coveredmethods="2"/>
      <line num="2" count="6" type="stmt"/>
      <line num="4" count="23" type="stmt"/>
      <line num="7" count="1" type="stmt"/>
    </file>
  </project>
</coverage>
