{"/Users/kornkunayothin/Workspace/neversitup/src/services/findOdd.js": {"path":"/Users/kornkunayothin/Workspace/neversitup/src/services/findOdd.js","statementMap":{"0":{"start":{"line":2,"column":23},"end":{"line":2,"column":25}},"1":{"start":{"line":4,"column":2},"end":{"line":6,"column":5}},"2":{"start":{"line":5,"column":4},"end":{"line":5,"column":53}},"3":{"start":{"line":8,"column":2},"end":{"line":12,"column":3}},"4":{"start":{"line":9,"column":4},"end":{"line":11,"column":5}},"5":{"start":{"line":10,"column":6},"end":{"line":10,"column":27}},"6":{"start":{"line":15,"column":0},"end":{"line":15,"column":35}}},"fnMap":{"0":{"name":"findOddOccurrence","decl":{"start":{"line":1,"column":9},"end":{"line":1,"column":26}},"loc":{"start":{"line":1,"column":32},"end":{"line":13,"column":1}},"line":1},"1":{"name":"(anonymous_1)","decl":{"start":{"line":4,"column":14},"end":{"line":4,"column":15}},"loc":{"start":{"line":4,"column":23},"end":{"line":6,"column":3}},"line":4}},"branchMap":{"0":{"loc":{"start":{"line":5,"column":25},"end":{"line":5,"column":47}},"type":"binary-expr","locations":[{"start":{"line":5,"column":25},"end":{"line":5,"column":42}},{"start":{"line":5,"column":46},"end":{"line":5,"column":47}}],"line":5},"1":{"loc":{"start":{"line":9,"column":4},"end":{"line":11,"column":5}},"type":"if","locations":[{"start":{"line":9,"column":4},"end":{"line":11,"column":5}},{"start":{},"end":{}}],"line":9}},"s":{"0":5,"1":5,"2":23,"3":5,"4":9,"5":5,"6":1},"f":{"0":5,"1":23},"b":{"0":[23,10],"1":[5,4]},"_coverageSchema":"1a1c01bbd47fc00a2c39e90264f33305004495a9","hash":"11a4edf7922e3535c6550d3794e578626c5d3c8c"}
,"/Users/kornkunayothin/Workspace/neversitup/src/services/permute.js": {"path":"/Users/kornkunayothin/Workspace/neversitup/src/services/permute.js","statementMap":{"0":{"start":{"line":2,"column":17},"end":{"line":2,"column":26}},"1":{"start":{"line":3,"column":16},"end":{"line":3,"column":36}},"2":{"start":{"line":6,"column":4},"end":{"line":9,"column":5}},"3":{"start":{"line":7,"column":6},"end":{"line":7,"column":32}},"4":{"start":{"line":8,"column":6},"end":{"line":8,"column":13}},"5":{"start":{"line":11,"column":4},"end":{"line":24,"column":5}},"6":{"start":{"line":11,"column":17},"end":{"line":11,"column":18}},"7":{"start":{"line":12,"column":6},"end":{"line":17,"column":7}},"8":{"start":{"line":16,"column":8},"end":{"line":16,"column":17}},"9":{"start":{"line":19,"column":6},"end":{"line":19,"column":24}},"10":{"start":{"line":20,"column":6},"end":{"line":20,"column":26}},"11":{"start":{"line":21,"column":6},"end":{"line":21,"column":31}},"12":{"start":{"line":22,"column":6},"end":{"line":22,"column":17}},"13":{"start":{"line":23,"column":6},"end":{"line":23,"column":25}},"14":{"start":{"line":27,"column":2},"end":{"line":27,"column":49}},"15":{"start":{"line":28,"column":2},"end":{"line":28,"column":28}},"16":{"start":{"line":31,"column":0},"end":{"line":31,"column":25}}},"fnMap":{"0":{"name":"permute","decl":{"start":{"line":1,"column":9},"end":{"line":1,"column":16}},"loc":{"start":{"line":1,"column":22},"end":{"line":29,"column":1}},"line":1},"1":{"name":"backtrack","decl":{"start":{"line":5,"column":11},"end":{"line":5,"column":20}},"loc":{"start":{"line":5,"column":36},"end":{"line":25,"column":3}},"line":5}},"branchMap":{"0":{"loc":{"start":{"line":6,"column":4},"end":{"line":9,"column":5}},"type":"if","locations":[{"start":{"line":6,"column":4},"end":{"line":9,"column":5}},{"start":{},"end":{}}],"line":6},"1":{"loc":{"start":{"line":12,"column":6},"end":{"line":17,"column":7}},"type":"if","locations":[{"start":{"line":12,"column":6},"end":{"line":17,"column":7}},{"start":{},"end":{}}],"line":12},"2":{"loc":{"start":{"line":13,"column":8},"end":{"line":14,"column":63}},"type":"binary-expr","locations":[{"start":{"line":13,"column":8},"end":{"line":13,"column":18}},{"start":{"line":14,"column":9},"end":{"line":14,"column":14}},{"start":{"line":14,"column":18},"end":{"line":14,"column":43}},{"start":{"line":14,"column":47},"end":{"line":14,"column":62}}],"line":13}},"s":{"0":6,"1":6,"2":62,"3":22,"4":22,"5":40,"6":40,"7":128,"8":72,"9":56,"10":56,"11":56,"12":56,"13":56,"14":6,"15":6,"16":1},"f":{"0":6,"1":62},"b":{"0":[22,40],"1":[72,56],"2":[128,65,48,23]},"_coverageSchema":"1a1c01bbd47fc00a2c39e90264f33305004495a9","hash":"59ed379bb9b2f394180bacad0b1796ccb29871c6"}
,"/Users/kornkunayothin/Workspace/neversitup/src/services/smile.js": {"path":"/Users/kornkunayothin/Workspace/neversitup/src/services/smile.js","statementMap":{"0":{"start":{"line":2,"column":22},"end":{"line":2,"column":34}},"1":{"start":{"line":4,"column":2},"end":{"line":4,"column":61}},"2":{"start":{"line":4,"column":30},"end":{"line":4,"column":52}},"3":{"start":{"line":7,"column":0},"end":{"line":7,"column":23}}},"fnMap":{"0":{"name":"smile","decl":{"start":{"line":1,"column":9},"end":{"line":1,"column":14}},"loc":{"start":{"line":1,"column":20},"end":{"line":5,"column":1}},"line":1},"1":{"name":"(anonymous_1)","decl":{"start":{"line":4,"column":20},"end":{"line":4,"column":21}},"loc":{"start":{"line":4,"column":30},"end":{"line":4,"column":52}},"line":4}},"branchMap":{},"s":{"0":6,"1":6,"2":23,"3":1},"f":{"0":6,"1":23},"b":{},"_coverageSchema":"1a1c01bbd47fc00a2c39e90264f33305004495a9","hash":"7981bf0294399aa6d6838154c66cd84abd40245a"}
}
