TN:
SF:src/services/findOdd.js
FN:1,findOddOccurrence
FN:4,(anonymous_1)
FNF:2
FNH:2
FNDA:5,findOddOccurrence
FNDA:23,(anonymous_1)
DA:2,5
DA:4,5
DA:5,23
DA:8,5
DA:9,9
DA:10,5
DA:15,1
LF:7
LH:7
BRDA:5,0,0,23
BRDA:5,0,1,10
BRDA:9,1,0,5
BRDA:9,1,1,4
BRF:4
BRH:4
end_of_record
TN:
SF:src/services/permute.js
FN:1,permute
FN:5,backtrack
FNF:2
FNH:2
FNDA:6,permute
FNDA:62,backtrack
DA:2,6
DA:3,6
DA:6,62
DA:7,22
DA:8,22
DA:11,40
DA:12,128
DA:16,72
DA:19,56
DA:20,56
DA:21,56
DA:22,56
DA:23,56
DA:27,6
DA:28,6
DA:31,1
LF:16
LH:16
BRDA:6,0,0,22
BRDA:6,0,1,40
BRDA:12,1,0,72
BRDA:12,1,1,56
BRDA:13,2,0,128
BRDA:13,2,1,65
BRDA:13,2,2,48
BRDA:13,2,3,23
BRF:8
BRH:8
end_of_record
TN:
SF:src/services/smile.js
FN:1,smile
FN:4,(anonymous_1)
FNF:2
FNH:2
FNDA:6,smile
FNDA:23,(anonymous_1)
DA:2,6
DA:4,23
DA:7,1
LF:3
LH:3
BRF:0
BRH:0
end_of_record
